<?xml version="1.0" encoding="utf-8"?><testsuites name="pytest tests"><testsuite name="pytest" errors="0" failures="0" skipped="0" tests="136" time="4.547" timestamp="2026-09-11T18:25:48.900694+08:00" hostname="DESKTOP-6S5ES0E"><testcase classname="tests.acceptance.test_reference" name="test_t01_all_int5_values_and_gated_counts[-16]" time="0.013" /><testcase classname="tests.acceptance.test_reference" name="test_t01_all_int5_values_and_gated_counts[-15]" time="0.003" /><testcase classname="tests.acceptance.test_reference" name="test_t01_all_int5_values_and_gated_counts[-14]" time="0.003" /><testcase classname="tests.acceptance.test_reference" name="test_t01_all_int5_values_and_gated_counts[-13]" time="0.003" /><testcase classname="tests.acceptance.test_reference" name="test_t01_all_int5_values_and_gated_counts[-12]" time="0.003" /><testcase classname="tests.acceptance.test_reference" name="test_t01_all_int5_values_and_gated_counts[-11]" time="0.003" /><testcase classname="tests.acceptance.test_reference" name="test_t01_all_int5_values_and_gated_counts[-10]" time="0.004" /><testcase classname="tests.acceptance.test_reference" name="test_t01_all_int5_values_and_gated_counts[-9]" time="0.003" /><testcase classname="tests.acceptance.test_reference" name="test_t01_all_int5_values_and_gated_counts[-8]" time="0.003" /><testcase classname="tests.acceptance.test_reference" name="test_t01_all_int5_values_and_gated_counts[-7]" time="0.003" /><testcase classname="tests.acceptance.test_reference" name="test_t01_all_int5_values_and_gated_counts[-6]" time="0.003" /><testcase classname="tests.acceptance.test_reference" name="test_t01_all_int5_values_and_gated_counts[-5]" time="0.003" /><testcase classname="tests.acceptance.test_reference" name="test_t01_all_int5_values_and_gated_counts[-4]" time="0.003" /><testcase classname="tests.acceptance.test_reference" name="test_t01_all_int5_values_and_gated_counts[-3]" time="0.003" /><testcase classname="tests.acceptance.test_reference" name="test_t01_all_int5_values_and_gated_counts[-2]" time="0.003" /><testcase classname="tests.acceptance.test_reference" name="test_t01_all_int5_values_and_gated_counts[-1]" time="0.003" /><testcase classname="tests.acceptance.test_reference" name="test_t01_all_int5_values_and_gated_counts[0]" time="0.003" /><testcase classname="tests.acceptance.test_reference" name="test_t01_all_int5_values_and_gated_counts[1]" time="0.003" /><testcase classname="tests.acceptance.test_reference" name="test_t01_all_int5_values_and_gated_counts[2]" time="0.003" /><testcase classname="tests.acceptance.test_reference" name="test_t01_all_int5_values_and_gated_counts[3]" time="0.003" /><testcase classname="tests.acceptance.test_reference" name="test_t01_all_int5_values_and_gated_counts[4]" time="0.003" /><testcase classname="tests.acceptance.test_reference" name="test_t01_all_int5_values_and_gated_counts[5]" time="0.003" /><testcase classname="tests.acceptance.test_reference" name="test_t01_all_int5_values_and_gated_counts[6]" time="0.003" /><testcase classname="tests.acceptance.test_reference" name="test_t01_all_int5_values_and_gated_counts[7]" time="0.003" /><testcase classname="tests.acceptance.test_reference" name="test_t01_all_int5_values_and_gated_counts[8]" time="0.003" /><testcase classname="tests.acceptance.test_reference" name="test_t01_all_int5_values_and_gated_counts[9]" time="0.003" /><testcase classname="tests.acceptance.test_reference" name="test_t01_all_int5_values_and_gated_counts[10]" time="0.003" /><testcase classname="tests.acceptance.test_reference" name="test_t01_all_int5_values_and_gated_counts[11]" time="0.003" /><testcase classname="tests.acceptance.test_reference" name="test_t01_all_int5_values_and_gated_counts[12]" time="0.003" /><testcase classname="tests.acceptance.test_reference" name="test_t01_all_int5_values_and_gated_counts[13]" time="0.003" /><testcase classname="tests.acceptance.test_reference" name="test_t01_all_int5_values_and_gated_counts[14]" time="0.003" /><testcase classname="tests.acceptance.test_reference" name="test_t01_all_int5_values_and_gated_counts[15]" time="0.003" /><testcase classname="tests.acceptance.test_reference" name="test_t02_multi_carry_and_msb[3-7-7-23-59-5-scalar]" time="0.001" /><testcase classname="tests.acceptance.test_reference" name="test_t02_multi_carry_and_msb[3-7-7-23-59-5-numpy]" time="0.001" /><testcase classname="tests.acceptance.test_reference" name="test_t02_multi_carry_and_msb[4-15-5-47-83-3-scalar]" time="0.001" /><testcase classname="tests.acceptance.test_reference" name="test_t02_multi_carry_and_msb[4-15-5-47-83-3-numpy]" time="0.001" /><testcase classname="tests.acceptance.test_reference" name="test_t03_signed_conversion[a0--1]" time="0.017" /><testcase classname="tests.acceptance.test_reference" name="test_t03_signed_conversion[a1-1]" time="0.003" /><testcase classname="tests.acceptance.test_reference" name="test_t04_mr_correction_and_negative_reference[560-True--13]" time="0.002" /><testcase classname="tests.acceptance.test_reference" name="test_t04_mr_correction_and_negative_reference[561-False--12.9375]" time="0.002" /><testcase classname="tests.acceptance.test_reference" name="test_t05_128_steps_zero_net_input_still_overflows[error]" time="0.253" /><testcase classname="tests.acceptance.test_reference" name="test_t05_128_steps_zero_net_input_still_overflows[wide_reference]" time="0.258" /><testcase classname="tests.acceptance.test_reference" name="test_t05_128_steps_zero_net_input_still_overflows[wrap]" time="0.248" /><testcase classname="tests.acceptance.test_reference" name="test_t05_128_steps_zero_net_input_still_overflows[saturate]" time="0.248" /><testcase classname="tests.acceptance.test_reference" name="test_t06_cross_macro_cancellation_keeps_local_history" time="0.078" /><testcase classname="tests.acceptance.test_reference" name="test_t07_false_fire_resets_actual_state_and_zero_input_does_not_reintegrate" time="0.008" /><testcase classname="tests.acceptance.test_reference" name="test_t07_single_transient_causes_recursive_divergence" time="0.026" /><testcase classname="tests.acceptance.test_reference" name="test_t08_fold_transaction_no_early_fire_and_order_independent_wide_state" time="0.007" /><testcase classname="tests.acceptance.test_reference" name="test_t08_overflow_in_fold_is_not_hidden_by_final_fire" time="0.002" /><testcase classname="tests.acceptance.test_reference" name="test_t09_shared_weight_line_separate_contexts_and_copy_ownership" time="0.014" /><testcase classname="tests.acceptance.test_reference" name="test_t10_common_edge_shift_cancels_and_equal_nonzero_edges" time="0.214" /><testcase classname="tests.acceptance.test_reference" name="test_t10_equal_P_different_plane_composition_can_differ" time="0.001" /><testcase classname="tests.acceptance.test_reference" name="test_t11_zero_contribution_caps_parasitic_and_finite_sharing" time="0.000" /><testcase classname="tests.acceptance.test_reference" name="test_t11_charge_and_hold_leakage_follows_rc_solution" time="0.001" /><testcase classname="tests.acceptance.test_reference" name="test_t12_locatable_analog_failures_do_not_commit[params0-charge_voltage_out_of_range]" time="0.002" /><testcase classname="tests.acceptance.test_reference" name="test_t12_locatable_analog_failures_do_not_commit[params1-reference_out_of_range]" time="0.002" /><testcase classname="tests.acceptance.test_reference" name="test_t12_locatable_analog_failures_do_not_commit[params2-reference_out_of_range]" time="0.002" /><testcase classname="tests.acceptance.test_reference" name="test_t12_locatable_analog_failures_do_not_commit[params3-sign_unstable]" time="0.002" /><testcase classname="tests.acceptance.test_reference" name="test_t12_locatable_analog_failures_do_not_commit[params4-comparator_timeout]" time="0.002" /><testcase classname="tests.acceptance.test_reference" name="test_t12_locatable_analog_failures_do_not_commit[params5-comparator_input_out_of_range]" time="0.002" /><testcase classname="tests.acceptance.test_reference" name="test_t12_locatable_analog_failures_do_not_commit[params6-ambiguous_sign]" time="0.002" /><testcase classname="tests.acceptance.test_reference" name="test_t12_supplied_timing_not_repaired_and_resource_conflicts" time="0.004" /><testcase classname="tests.acceptance.test_reference" name="test_t12_repeatable_device_event_noise_and_serialized_device" time="0.027" /><testcase classname="tests.acceptance.test_reference" name="test_t13_scalar_numpy_all_states_carries_and_analog_chain[integer_reference-3]" time="0.060" /><testcase classname="tests.acceptance.test_reference" name="test_t13_scalar_numpy_all_states_carries_and_analog_chain[integer_reference-4]" time="0.062" /><testcase classname="tests.acceptance.test_reference" name="test_t13_scalar_numpy_all_states_carries_and_analog_chain[ideal_behavioral-3]" time="0.070" /><testcase classname="tests.acceptance.test_reference" name="test_t13_scalar_numpy_all_states_carries_and_analog_chain[ideal_behavioral-4]" time="0.068" /><testcase classname="tests.api.test_interfaces" name="test_configuration_rejects_undefined_semantics[kwargs0]" time="0.000" /><testcase classname="tests.api.test_interfaces" name="test_configuration_rejects_undefined_semantics[kwargs1]" time="0.000" /><testcase classname="tests.api.test_interfaces" name="test_configuration_rejects_undefined_semantics[kwargs2]" time="0.000" /><testcase classname="tests.api.test_interfaces" name="test_configuration_rejects_undefined_semantics[kwargs3]" time="0.000" /><testcase classname="tests.api.test_interfaces" name="test_configuration_rejects_undefined_semantics[kwargs4]" time="0.000" /><testcase classname="tests.api.test_interfaces" name="test_configuration_rejects_undefined_semantics[kwargs5]" time="0.000" /><testcase classname="tests.api.test_interfaces" name="test_configuration_rejects_undefined_semantics[kwargs6]" time="0.000" /><testcase classname="tests.api.test_interfaces" name="test_configuration_rejects_undefined_semantics[kwargs7]" time="0.000" /><testcase classname="tests.api.test_interfaces" name="test_configuration_rejects_undefined_semantics[kwargs8]" time="0.000" /><testcase classname="tests.api.test_interfaces" name="test_configuration_rejects_undefined_semantics[kwargs9]" time="0.000" /><testcase classname="tests.api.test_interfaces" name="test_configuration_rejects_undefined_semantics[kwargs10]" time="0.000" /><testcase classname="tests.api.test_interfaces" name="test_configuration_rejects_undefined_semantics[kwargs11]" time="0.000" /><testcase classname="tests.api.test_interfaces" name="test_configuration_rejects_undefined_semantics[kwargs12]" time="0.000" /><testcase classname="tests.api.test_interfaces" name="test_configuration_rejects_undefined_semantics[kwargs13]" time="0.000" /><testcase classname="tests.api.test_interfaces" name="test_analog_config_rejects_invalid_ranges[kwargs0]" time="0.000" /><testcase classname="tests.api.test_interfaces" name="test_analog_config_rejects_invalid_ranges[kwargs1]" time="0.000" /><testcase classname="tests.api.test_interfaces" name="test_analog_config_rejects_invalid_ranges[kwargs2]" time="0.000" /><testcase classname="tests.api.test_interfaces" name="test_analog_config_rejects_invalid_ranges[kwargs3]" time="0.000" /><testcase classname="tests.api.test_interfaces" name="test_analog_config_rejects_invalid_ranges[kwargs4]" time="0.000" /><testcase classname="tests.api.test_interfaces" name="test_analog_config_rejects_invalid_ranges[kwargs5]" time="0.000" /><testcase classname="tests.api.test_interfaces" name="test_analog_config_rejects_invalid_ranges[kwargs6]" time="0.000" /><testcase classname="tests.api.test_interfaces" name="test_analog_config_rejects_invalid_ranges[kwargs7]" time="0.000" /><testcase classname="tests.api.test_interfaces" name="test_analog_config_rejects_invalid_ranges[kwargs8]" time="0.000" /><testcase classname="tests.api.test_interfaces" name="test_analog_config_rejects_invalid_ranges[kwargs9]" time="0.000" /><testcase classname="tests.api.test_interfaces" name="test_analog_config_rejects_invalid_ranges[kwargs10]" time="0.000" /><testcase classname="tests.api.test_interfaces" name="test_encoding_rejects_invalid_weights[-17]" time="0.000" /><testcase classname="tests.api.test_interfaces" name="test_encoding_rejects_invalid_weights[16]" time="0.000" /><testcase classname="tests.api.test_interfaces" name="test_encoding_rejects_invalid_weights[1.2]" time="0.000" /><testcase classname="tests.api.test_interfaces" name="test_encoding_rejects_invalid_weights[nan]" time="0.000" /><testcase classname="tests.api.test_interfaces" name="test_encoding_rejects_invalid_weights[3]" time="0.000" /><testcase classname="tests.api.test_interfaces" name="test_invalid_input_bits_weights_and_state_are_not_silently_truncated" time="0.002" /><testcase classname="tests.api.test_interfaces" name="test_wide_reference_true_python_integer_precision_and_numpy_capacity_guard" time="0.006" /><testcase classname="tests.api.test_interfaces" name="test_preview_is_repeatable_and_returned_arrays_do_not_alias_state" time="0.007" /><testcase classname="tests.api.test_interfaces" name="test_generator_failure_rolls_back_entire_fold_transaction" time="0.002" /><testcase classname="tests.api.test_interfaces" name="test_ideal_mode_does_not_silently_allow_nonideal_or_fault_parameters" time="0.001" /><testcase classname="tests.api.test_interfaces" name="test_digital_finite_mode_is_exact_and_does_not_use_float_comparator" time="0.002" /><testcase classname="tests.api.test_interfaces" name="test_reference_quantization_ranges_and_stateful_settling" time="0.007" /><testcase classname="tests.api.test_interfaces" name="test_comparator_offset_sign_and_pulse_suppression" time="0.007" /><testcase classname="tests.api.test_interfaces" name="test_logical_memory_capacity_explicit_and_alias_protection" time="0.003" /><testcase classname="tests.api.test_interfaces" name="test_mapping_address_round_trip_and_padding" time="0.003" /><testcase classname="tests.api.test_interfaces" name="test_fc_mapping_preserves_full_dot_product[1]" time="0.002" /><testcase classname="tests.api.test_interfaces" name="test_fc_mapping_preserves_full_dot_product[37]" time="0.002" /><testcase classname="tests.api.test_interfaces" name="test_fc_mapping_preserves_full_dot_product[576]" time="0.003" /><testcase classname="tests.api.test_interfaces" name="test_fc_mapping_preserves_full_dot_product[577]" time="0.004" /><testcase classname="tests.api.test_interfaces" name="test_fc_mapping_preserves_full_dot_product[1201]" time="0.007" /><testcase classname="tests.api.test_interfaces" name="test_small_two_layer_snn_matches_independent_if_oracle[3]" time="0.160" /><testcase classname="tests.api.test_interfaces" name="test_small_two_layer_snn_matches_independent_if_oracle[4]" time="0.159" /><testcase classname="tests.api.test_interfaces" name="test_conv_mapping_matches_direct_convolution_and_separate_pixel_state" time="0.056" /><testcase classname="tests.api.test_interfaces" name="test_structured_trace_and_config_round_trip" time="0.025" /><testcase classname="tests.api.test_interfaces" name="test_full_576_input_extremes_and_required_signed_range" time="0.005" /><testcase classname="tests.api.test_interfaces" name="test_capacity_error_in_second_fold_is_located_and_transaction_is_atomic" time="0.004" /><testcase classname="tests.api.test_interfaces" name="test_preview_context_does_not_allocate_or_change_active_context" time="0.005" /><testcase classname="tests.api.test_interfaces" name="test_reference_keeps_settling_during_comparator_delay" time="0.003" /><testcase classname="tests.api.test_interfaces" name="test_zero_width_requires_no_sign_orientation_delay" time="0.002" /><testcase classname="tests.api.test_interfaces" name="test_charge_helpers_reject_nan_and_infinite_parameters" time="0.000" /><testcase classname="tests.api.test_project_structure" name="test_public_imports_and_legacy_entry_are_compatible" time="0.001" /><testcase classname="tests.api.test_project_structure" name="test_test_runner_does_not_reuse_stale_success" time="0.018" /><testcase classname="tests.api.test_project_structure" name="test_test_runner_aggregates_current_junit" time="0.016" /><testcase classname="tests.api.test_tdp" name="test_eigen_train_period_and_count" time="0.000" /><testcase classname="tests.api.test_tdp" name="test_signed_train_selects_tdp_branch" time="0.000" /><testcase classname="tests.api.test_tdp" name="test_tdp_input_validation" time="0.000" /><testcase classname="tests.integration.test_cli" name="test_cli_examples[reference]" time="0.265" /><testcase classname="tests.integration.test_cli" name="test_cli_examples[simulate]" time="0.255" /><testcase classname="tests.integration.test_cli" name="test_cli_examples[infer]" time="0.318" /><testcase classname="tests.integration.test_cli" name="test_cli_module_entry_and_structured_failure" time="0.244" /><testcase classname="tests.integration.test_cli" name="test_cli_training_is_not_falsely_exposed" time="0.217" /><testcase classname="tests.integration.test_cli" name="test_cli_absolute_entry_from_unrelated_directory[reference]" time="0.245" /><testcase classname="tests.integration.test_cli" name="test_cli_absolute_entry_from_unrelated_directory[simulate]" time="0.246" /><testcase classname="tests.integration.test_cli" name="test_cli_absolute_entry_from_unrelated_directory[infer]" time="0.270" /></testsuite></testsuites>